-------------------------------------------------------------------------------
>Log Session: Sunday, April 10, 2022 at 7:11:29 PM Central European Summer Time
>System Info: 
  Product Version         = Apache NetBeans IDE 13
  Operating System        = Mac OS X version 12.2.1 running on x86_64
  Java; VM; Vendor        = 18; OpenJDK 64-Bit Server VM 18+36-2087; Oracle Corporation
  Runtime                 = OpenJDK Runtime Environment 18+36-2087
  Java Home               = /Users/sk/Library/Java/JavaVirtualMachines/openjdk-18/Contents/Home
  System Locale; Encoding = en_US (nb); UTF-8
  Home Directory          = /Users/sk
  Current Directory       = /Users/sk/Documents/Uni/SoftwareEngineering/4Semester/Component-Based-Systems-SE-Semester4-f22/assignments/Assignment1/NetBeansLab2/AsteroidsNetbeansModules/SilentUpdate
  User Directory          = /Users/sk/Documents/Uni/SoftwareEngineering/4Semester/Component-Based-Systems-SE-Semester4-f22/assignments/Assignment1/NetBeansLab2/AsteroidsNetbeansModules/SilentUpdate/target/userdir
  Cache Directory         = /Users/sk/Documents/Uni/SoftwareEngineering/4Semester/Component-Based-Systems-SE-Semester4-f22/assignments/Assignment1/NetBeansLab2/AsteroidsNetbeansModules/SilentUpdate/target/userdir/var/cache
  Installation            = /Applications/NetBeans/Apache NetBeans 13.app/Contents/Resources/NetBeans/netbeans/nb
                            /Applications/NetBeans/Apache NetBeans 13.app/Contents/Resources/NetBeans/netbeans/ergonomics
                            /Applications/NetBeans/Apache NetBeans 13.app/Contents/Resources/NetBeans/netbeans/ide
                            /Applications/NetBeans/Apache NetBeans 13.app/Contents/Resources/NetBeans/netbeans/extide
                            /Applications/NetBeans/Apache NetBeans 13.app/Contents/Resources/NetBeans/netbeans/java
                            /Applications/NetBeans/Apache NetBeans 13.app/Contents/Resources/NetBeans/netbeans/apisupport
                            /Applications/NetBeans/Apache NetBeans 13.app/Contents/Resources/NetBeans/netbeans/webcommon
                            /Applications/NetBeans/Apache NetBeans 13.app/Contents/Resources/NetBeans/netbeans/websvccommon
                            /Applications/NetBeans/Apache NetBeans 13.app/Contents/Resources/NetBeans/netbeans/enterprise
                            /Applications/NetBeans/Apache NetBeans 13.app/Contents/Resources/NetBeans/netbeans/profiler
                            /Applications/NetBeans/Apache NetBeans 13.app/Contents/Resources/NetBeans/netbeans/php
                            /Applications/NetBeans/Apache NetBeans 13.app/Contents/Resources/NetBeans/netbeans/harness
                            /Applications/NetBeans/Apache NetBeans 13.app/Contents/Resources/NetBeans/netbeans/cpplite
                            /Applications/NetBeans/Apache NetBeans 13.app/Contents/Resources/NetBeans/netbeans/groovy
                            /Applications/NetBeans/Apache NetBeans 13.app/Contents/Resources/NetBeans/netbeans/javafx
                            /Users/sk/Documents/Uni/SoftwareEngineering/4Semester/Component-Based-Systems-SE-Semester4-f22/assignments/Assignment1/NetBeansLab2/AsteroidsNetbeansModules/SilentUpdate/target/netbeans_clusters/asteroidsnetbeansmodules
                            /Applications/NetBeans/Apache NetBeans 13.app/Contents/Resources/NetBeans/netbeans/platform
  Boot & Ext. Classpath   = 
  Application Classpath   = /Applications/NetBeans/Apache NetBeans 13.app/Contents/Resources/NetBeans/netbeans/platform/lib/boot.jar:/Applications/NetBeans/Apache NetBeans 13.app/Contents/Resources/NetBeans/netbeans/platform/lib/org-openide-modules.jar:/Applications/NetBeans/Apache NetBeans 13.app/Contents/Resources/NetBeans/netbeans/platform/lib/org-openide-util-lookup.jar:/Applications/NetBeans/Apache NetBeans 13.app/Contents/Resources/NetBeans/netbeans/platform/lib/org-openide-util-ui.jar:/Applications/NetBeans/Apache NetBeans 13.app/Contents/Resources/NetBeans/netbeans/platform/lib/org-openide-util.jar
  Startup Classpath       = /Applications/NetBeans/Apache NetBeans 13.app/Contents/Resources/NetBeans/netbeans/platform/core/asm-tree-9.2.jar:/Applications/NetBeans/Apache NetBeans 13.app/Contents/Resources/NetBeans/netbeans/platform/core/org-netbeans-libs-asm.jar:/Applications/NetBeans/Apache NetBeans 13.app/Contents/Resources/NetBeans/netbeans/platform/core/org-openide-filesystems-compat8.jar:/Applications/NetBeans/Apache NetBeans 13.app/Contents/Resources/NetBeans/netbeans/platform/core/org-openide-filesystems.jar:/Applications/NetBeans/Apache NetBeans 13.app/Contents/Resources/NetBeans/netbeans/platform/core/asm-9.2.jar:/Applications/NetBeans/Apache NetBeans 13.app/Contents/Resources/NetBeans/netbeans/platform/core/asm-commons-9.2.jar:/Applications/NetBeans/Apache NetBeans 13.app/Contents/Resources/NetBeans/netbeans/platform/core/core.jar:/Applications/NetBeans/Apache NetBeans 13.app/Contents/Resources/NetBeans/netbeans/platform/core/core-base.jar:/Applications/NetBeans/Apache NetBeans 13.app/Contents/Resources/NetBeans/netbeans/nb/core/org-netbeans-upgrader.jar:/Applications/NetBeans/Apache NetBeans 13.app/Contents/Resources/NetBeans/netbeans/nb/core/locale/core_nb.jar
-------------------------------------------------------------------------------
WARNING [org.netbeans.modules.netbinox]: Cannot compute install area. No common prefix between /Applications/NetBeans/Apache NetBeans 13.app/Contents/Resources/NetBeans/netbeans/ and /Users/sk/Documents/Uni/SoftwareEngineering/4Semester/Component-Based-Systems-SE-Semester4-f22/assignments/Assignment1/NetBeansLab2/AsteroidsNetbeansModules/SilentUpdate/target/netbeans_clusters/asteroidsnetbeansmodules
INFO [org.netbeans.modules.netbinox]: Install area set to file:/Applications/NetBeans/Apache NetBeans 13.app/Contents/Resources/NetBeans/netbeans/
